🔄 Sauvegarde du 2025-12-15 avec l'identité de l'utilisateur...
✅ BACKUP_2025-12-15_budget.xlsx sauvegardé (ID: 1RsFfrT0BMQ-QwgJRrTpd4tit_YrOxxla)
✅ BACKUP_2025-12-15_taches.xlsx sauvegardé (ID: 1GNUH8121eKa4UQYmKNdg5BsvqztpZA2w)
✅ BACKUP_2025-12-15_voiture.xlsx sauvegardé (ID: 1sTvhDKljNLvM3fGArjAv6aqz9IL5ASC5)
✅ BACKUP_2025-12-15_suivi.xlsx sauvegardé (ID: 1IAVqZFxZZtPLNG-efeHTexZ6ZR5FvDTD)
✅ BACKUP_2025-12-15_objectifs.xlsx sauvegardé (ID: 1ohsZJBqtobd4PYOMCelWt5gQS-AowlqB)
🔄 Sauvegarde du 2025-12-22 avec l'identité de l'utilisateur...
❌ Erreur critique : ('invalid_grant: Token has been expired or revoked.', {'error': 'invalid_grant', 'error_description': 'Token has been expired or revoked.'})
🔄 Sauvegarde du 2025-12-29 avec l'identité de l'utilisateur...
❌ Erreur critique : ('invalid_grant: Token has been expired or revoked.', {'error': 'invalid_grant', 'error_description': 'Token has been expired or revoked.'})
🔄 Sauvegarde du 2026-01-05 avec l'identité de l'utilisateur...
❌ Erreur critique : ('invalid_grant: Bad Request', {'error': 'invalid_grant', 'error_description': 'Bad Request'})
🔄 Sauvegarde du 2026-01-12 avec l'identité de l'utilisateur...
❌ Erreur critique : ('invalid_grant: Bad Request', {'error': 'invalid_grant', 'error_description': 'Bad Request'})
🔄 Sauvegarde du 2026-01-19 avec l'identité de l'utilisateur...
❌ Erreur critique : ('invalid_grant: Bad Request', {'error': 'invalid_grant', 'error_description': 'Bad Request'})
🔄 Sauvegarde du 2026-01-26 avec l'identité de l'utilisateur...
❌ Erreur critique : ('invalid_grant: Bad Request', {'error': 'invalid_grant', 'error_description': 'Bad Request'})
🔄 Sauvegarde du 2026-02-02 avec l'identité de l'utilisateur...
❌ Erreur critique : [Errno 113] No route to host
🔄 Sauvegarde du 2026-02-09 avec l'identité de l'utilisateur...
❌ Erreur critique : ('invalid_grant: Bad Request', {'error': 'invalid_grant', 'error_description': 'Bad Request'})
🔄 Sauvegarde du 2026-02-16 avec l'identité de l'utilisateur...
❌ Erreur critique : ('invalid_grant: Bad Request', {'error': 'invalid_grant', 'error_description': 'Bad Request'})
🔄 Sauvegarde du 2026-02-23 avec l'identité de l'utilisateur...
❌ Erreur critique : ('invalid_grant: Bad Request', {'error': 'invalid_grant', 'error_description': 'Bad Request'})
🔄 Sauvegarde du 2026-03-02 avec l'identité de l'utilisateur...
❌ Erreur critique : ('invalid_grant: Bad Request', {'error': 'invalid_grant', 'error_description': 'Bad Request'})
🔄 Sauvegarde du 2026-03-09 avec l'identité de l'utilisateur...
❌ Erreur critique : ('invalid_grant: Bad Request', {'error': 'invalid_grant', 'error_description': 'Bad Request'})
🔄 Sauvegarde du 2026-03-16 avec l'identité de l'utilisateur...
❌ Erreur critique : ('invalid_grant: Bad Request', {'error': 'invalid_grant', 'error_description': 'Bad Request'})
🔄 Sauvegarde du 2026-03-23 avec l'identité de l'utilisateur...
❌ Erreur critique : ('invalid_grant: Bad Request', {'error': 'invalid_grant', 'error_description': 'Bad Request'})
🔄 Sauvegarde du 2026-03-30 avec l'identité de l'utilisateur...
❌ Erreur critique : ('invalid_grant: Bad Request', {'error': 'invalid_grant', 'error_description': 'Bad Request'})
🔄 Sauvegarde du 2026-04-06 avec l'identité de l'utilisateur...
❌ Erreur critique : ('invalid_grant: Bad Request', {'error': 'invalid_grant', 'error_description': 'Bad Request'})
🔄 Sauvegarde du 2026-04-13 avec l'identité de l'utilisateur...
❌ Erreur critique : ('invalid_grant: Bad Request', {'error': 'invalid_grant', 'error_description': 'Bad Request'})
🔄 Sauvegarde du 2026-04-20 avec l'identité de l'utilisateur...
❌ Erreur critique : ('invalid_grant: Bad Request', {'error': 'invalid_grant', 'error_description': 'Bad Request'})
🔄 Sauvegarde du 2026-04-27 avec l'identité de l'utilisateur...
❌ Erreur critique : ('invalid_grant: Bad Request', {'error': 'invalid_grant', 'error_description': 'Bad Request'})
🔄 Sauvegarde du 2026-05-04 avec l'identité de l'utilisateur...
❌ Erreur critique : ('invalid_grant: Bad Request', {'error': 'invalid_grant', 'error_description': 'Bad Request'})
🔄 Sauvegarde du 2026-05-11 avec l'identité de l'utilisateur...
❌ Erreur critique : ('invalid_grant: Bad Request', {'error': 'invalid_grant', 'error_description': 'Bad Request'})
🔄 Sauvegarde du 2026-05-18 avec l'identité de l'utilisateur...
❌ Erreur critique : ('invalid_grant: Bad Request', {'error': 'invalid_grant', 'error_description': 'Bad Request'})
🔄 Sauvegarde du 2026-05-25 avec l'identité de l'utilisateur...
❌ Erreur critique : ('invalid_grant: Bad Request', {'error': 'invalid_grant', 'error_description': 'Bad Request'})
🔄 Sauvegarde du 2026-06-01 avec l'identité de l'utilisateur...
❌ Erreur critique : ('invalid_grant: Bad Request', {'error': 'invalid_grant', 'error_description': 'Bad Request'})
🔄 Sauvegarde du 2026-06-08 avec l'identité de l'utilisateur...
❌ Erreur critique : ('invalid_grant: Bad Request', {'error': 'invalid_grant', 'error_description': 'Bad Request'})
🔄 Sauvegarde du 2026-06-15 avec l'identité de l'utilisateur...
❌ Erreur critique : ('invalid_grant: Bad Request', {'error': 'invalid_grant', 'error_description': 'Bad Request'})
🔄 Sauvegarde du 2026-06-22 avec l'identité de l'utilisateur...
❌ Erreur critique : ('invalid_grant: Bad Request', {'error': 'invalid_grant', 'error_description': 'Bad Request'})
🔄 Sauvegarde du 2026-06-29 avec l'identité de l'utilisateur...
❌ Erreur critique : ('invalid_grant: Bad Request', {'error': 'invalid_grant', 'error_description': 'Bad Request'})
